<?xml version="1.0" encoding="UTF-8"?>
<!-- Generated by org.testng.reporters.JUnitReportReporter -->
<testsuite hostname="DESKTOP-24HNAOI" failures="1" tests="11" name="BootsTesting" time="197.278" errors="0" timestamp="2025-06-24T02:49:49 EET" skipped="1">
  <testcase classname="BootsTesting" name="VerifyHomepageLoad" time="2.308"/>
  <system-out/>
  <testcase classname="BootsTesting" name="CheckAiAssistantFunctionality" time="8.535"/>
  <system-out/>
  <testcase classname="BootsTesting" name="ChooseProductCate" time="31.480"/>
  <system-out/>
  <testcase classname="BootsTesting" name="VerifiyProductListIsLoaded" time="2.037"/>
  <system-out/>
  <testcase classname="BootsTesting" name="FilterFunctionality" time="6.939"/>
  <system-out/>
  <testcase classname="BootsTesting" name="ChooseRandomProduct" time="49.104"/>
  <system-out/>
  <testcase classname="BootsTesting" name="ViewingProductDetailes" time="2.133"/>
  <system-out/>
  <testcase classname="BootsTesting" name="AddItemToTheCart" time="8.609"/>
  <system-out/>
  <testcase classname="BootsTesting" name="DicsountCode" time="2.944">
    <failure message="expected [true] but found [false]" type="java.lang.AssertionError">
      <![CDATA[java.lang.AssertionError: expected [true] but found [false]
at org.testng.Assert.fail(Assert.java:99)
at org.testng.Assert.failNotEquals(Assert.java:1037)
at org.testng.Assert.assertEqualsImpl(Assert.java:140)
at org.testng.Assert.assertEquals(Assert.java:122)
at org.testng.Assert.assertEquals(Assert.java:819)
at org.testng.Assert.assertEquals(Assert.java:829)
at BootsTesting.DicsountCode(BootsTesting.java:452)
at java.base/jdk.internal.reflect.DirectMethodHandleAccessor.invoke(DirectMethodHandleAccessor.java:103)
at java.base/java.lang.reflect.Method.invoke(Method.java:580)
at org.testng.internal.MethodInvocationHelper.invokeMethod(MethodInvocationHelper.java:133)
at org.testng.internal.TestInvoker.invokeMethod(TestInvoker.java:598)
at org.testng.internal.TestInvoker.invokeTestMethod(TestInvoker.java:173)
at org.testng.internal.MethodRunner.runInSequence(MethodRunner.java:46)
at org.testng.internal.TestInvoker$MethodInvocationAgent.invoke(TestInvoker.java:824)
at org.testng.internal.TestInvoker.invokeTestMethods(TestInvoker.java:146)
at org.testng.internal.TestMethodWorker.invokeTestMethods(TestMethodWorker.java:146)
at org.testng.internal.TestMethodWorker.run(TestMethodWorker.java:128)
at java.base/java.util.ArrayList.forEach(ArrayList.java:1597)
at org.testng.TestRunner.privateRun(TestRunner.java:794)
at org.testng.TestRunner.run(TestRunner.java:596)
at org.testng.SuiteRunner.runTest(SuiteRunner.java:377)
at org.testng.SuiteRunner.runSequentially(SuiteRunner.java:371)
at org.testng.SuiteRunner.privateRun(SuiteRunner.java:332)
at org.testng.SuiteRunner.run(SuiteRunner.java:276)
at org.testng.SuiteRunnerWorker.runSuite(SuiteRunnerWorker.java:53)
at org.testng.SuiteRunnerWorker.run(SuiteRunnerWorker.java:96)
at org.testng.TestNG.runSuitesSequentially(TestNG.java:1212)
at org.testng.TestNG.runSuitesLocally(TestNG.java:1134)
at org.testng.TestNG.runSuites(TestNG.java:1063)
at org.testng.TestNG.run(TestNG.java:1031)
at org.testng.remote.AbstractRemoteTestNG.run(AbstractRemoteTestNG.java:115)
at org.testng.remote.RemoteTestNG.initAndRun(RemoteTestNG.java:293)
at org.testng.remote.RemoteTestNG.main(RemoteTestNG.java:91)
]]>
    </failure>
  </testcase> <!-- DicsountCode -->
  <system-out/>
  <testcase classname="BootsTesting" name="CheckSearchProductFunctionality" time="83.189"/>
  <system-out/>
  <testcase classname="BootsTesting" name="Registration">
    <skipped/>
  </testcase> <!-- Registration -->
  <system-out/>
</testsuite> <!-- BootsTesting -->
