<?xml version="1.0" encoding="UTF-8"?>
<!-- Generated by org.testng.reporters.JUnitReportReporter -->
<testsuite hostname="DESKTOP-24HNAOI" failures="0" tests="11" name="BootsTesting" time="158.656" errors="0" timestamp="2025-06-24T22:45:22 EET" skipped="1">
  <testcase classname="BootsTesting" name="VerifyHomepageLoad" time="2.101"/>
  <system-out/>
  <testcase classname="BootsTesting" name="CheckAiAssistantFunctionality" time="7.645"/>
  <system-out/>
  <testcase classname="BootsTesting" name="ChooseProductCate" time="29.618"/>
  <system-out/>
  <testcase classname="BootsTesting" name="VerifiyProductListIsLoaded" time="2.042"/>
  <system-out/>
  <testcase classname="BootsTesting" name="FilterFunctionality" time="6.548"/>
  <system-out/>
  <testcase classname="BootsTesting" name="ChooseRandomProduct" time="46.244"/>
  <system-out/>
  <testcase classname="BootsTesting" name="ViewingProductDetailes" time="2.122"/>
  <system-out/>
  <testcase classname="BootsTesting" name="AddItemToTheCart" time="10.713"/>
  <system-out/>
  <testcase classname="BootsTesting" name="DicsountCode" time="4.663"/>
  <system-out/>
  <testcase classname="BootsTesting" name="CheckSearchProductFunctionality" time="46.960"/>
  <system-out/>
  <testcase classname="BootsTesting" name="Registration">
    <skipped/>
  </testcase> <!-- Registration -->
  <system-out/>
</testsuite> <!-- BootsTesting -->
