<?xml version="1.0" encoding="UTF-8"?>
<!-- Generated by org.testng.reporters.JUnitReportReporter -->
<testsuite hostname="DESKTOP-24HNAOI" failures="0" tests="11" name="BootsTesting" time="102.745" errors="0" timestamp="2025-07-02T11:05:31 EET" skipped="1">
  <testcase classname="BootsTesting" name="Test001_VerifyHomepageLoad" time="1.632"/>
  <system-out/>
  <testcase classname="BootsTesting" name="Test002_CheckAiAssistantFunctionality" time="9.609"/>
  <system-out/>
  <testcase classname="BootsTesting" name="Test003_ChooseProductCate" time="28.355"/>
  <system-out/>
  <testcase classname="BootsTesting" name="Test004_VerifiyProductListIsLoaded" time="2.096"/>
  <system-out/>
  <testcase classname="BootsTesting" name="Test005_FilterFunctionality" time="8.794"/>
  <system-out/>
  <testcase classname="BootsTesting" name="Test006_ChooseRandomProduct" time="11.888"/>
  <system-out/>
  <testcase classname="BootsTesting" name="Test007_ViewingProductDetailes" time="8.605"/>
  <system-out/>
  <testcase classname="BootsTesting" name="Test008_AddItemToTheCart" time="7.960"/>
  <system-out/>
  <testcase classname="BootsTesting" name="Test010_DicsountCode" time="3.542"/>
  <system-out/>
  <testcase classname="BootsTesting" name="Test011_CheckSearchProductFunctionality" time="20.264"/>
  <system-out/>
  <testcase classname="BootsTesting" name="Test002_Registration">
    <skipped/>
  </testcase> <!-- Test002_Registration -->
  <system-out/>
</testsuite> <!-- BootsTesting -->
