<?xml version="1.0" encoding="UTF-8"?>
<!-- Generated by org.testng.reporters.JUnitReportReporter -->
<testsuite hostname="DESKTOP-24HNAOI" failures="0" tests="10" name="BootsTesting" time="79.308" errors="0" timestamp="2025-06-13T21:26:18 EET" skipped="7">
  <testcase classname="BootsTesting" name="VerifyHomepageLoad" time="3.361"/>
  <system-out/>
  <testcase classname="BootsTesting" name="CheckSearchProductFunctionality" time="42.867"/>
  <system-out/>
  <testcase classname="BootsTesting" name="FilterFunctionality" time="33.080"/>
  <system-out/>
  <testcase classname="BootsTesting" name="CheckAiAssistantFunctionality">
    <skipped/>
  </testcase> <!-- CheckAiAssistantFunctionality -->
  <system-out/>
  <testcase classname="BootsTesting" name="VerifiyProductListIsLoaded">
    <skipped/>
  </testcase> <!-- VerifiyProductListIsLoaded -->
  <system-out/>
  <testcase classname="BootsTesting" name="ChooseRandomProductCate">
    <skipped/>
  </testcase> <!-- ChooseRandomProductCate -->
  <system-out/>
  <testcase classname="BootsTesting" name="ViewingProductDetailes">
    <skipped/>
  </testcase> <!-- ViewingProductDetailes -->
  <system-out/>
  <testcase classname="BootsTesting" name="Filter">
    <skipped/>
  </testcase> <!-- Filter -->
  <system-out/>
  <testcase classname="BootsTesting" name="ChooseRandomProduct">
    <skipped/>
  </testcase> <!-- ChooseRandomProduct -->
  <system-out/>
  <testcase classname="BootsTesting" name="Registration">
    <skipped/>
  </testcase> <!-- Registration -->
  <system-out/>
</testsuite> <!-- BootsTesting -->
