<?xml version="1.0" encoding="UTF-8"?>
<!-- Generated by org.testng.reporters.JUnitReportReporter -->
<testsuite hostname="DESKTOP-24HNAOI" failures="0" tests="3" name="BootsTesting" time="64.081" errors="0" timestamp="2025-06-03T17:29:23 EET" skipped="0">
  <testcase classname="BootsTesting" name="verifyProductListingPageLoad" time="12.133"/>
  <system-out/>
  <testcase classname="BootsTesting" name="VerifiyProductListIsLoaded" time="37.309"/>
  <system-out/>
  <testcase classname="BootsTesting" name="ViewingProductDetailes" time="14.639"/>
  <system-out/>
</testsuite> <!-- BootsTesting -->
