<?xml version="1.0" encoding="UTF-8"?>
<!-- Generated by org.testng.reporters.JUnitReportReporter -->
<testsuite hostname="DESKTOP-24HNAOI" failures="0" tests="8" name="BootsTesting" time="17.092" errors="0" timestamp="2025-06-11T22:56:46 EET" skipped="7">
  <testcase classname="BootsTesting" name="CheckAiAssistantFunctionality" time="17.092"/>
  <system-out/>
  <testcase classname="BootsTesting" name="VerifiyProductListIsLoaded">
    <skipped/>
  </testcase> <!-- VerifiyProductListIsLoaded -->
  <system-out/>
  <testcase classname="BootsTesting" name="Regisstration">
    <skipped/>
  </testcase> <!-- Regisstration -->
  <system-out/>
  <testcase classname="BootsTesting" name="VerifyHomepageLoad">
    <skipped/>
  </testcase> <!-- VerifyHomepageLoad -->
  <system-out/>
  <testcase classname="BootsTesting" name="CheckSearchProductFunctionality">
    <skipped/>
  </testcase> <!-- CheckSearchProductFunctionality -->
  <system-out/>
  <testcase classname="BootsTesting" name="ChooseRandomProductCategory">
    <skipped/>
  </testcase> <!-- ChooseRandomProductCategory -->
  <system-out/>
  <testcase classname="BootsTesting" name="ViewingProductDetailes">
    <skipped/>
  </testcase> <!-- ViewingProductDetailes -->
  <system-out/>
  <testcase classname="BootsTesting" name="FilterFunctionality">
    <skipped/>
  </testcase> <!-- FilterFunctionality -->
  <system-out/>
</testsuite> <!-- BootsTesting -->
