<?xml version="1.0" encoding="UTF-8"?>
<!-- Generated by org.testng.reporters.JUnitReportReporter -->
<testsuite hostname="DESKTOP-24HNAOI" failures="0" tests="5" name="BootsTesting" time="72.944" errors="0" timestamp="2025-06-05T11:11:25 EET" skipped="4">
  <testcase classname="BootsTesting" name="Regisstration" time="72.944"/>
  <system-out/>
  <testcase classname="BootsTesting" name="VerifiyProductListIsLoaded">
    <skipped/>
  </testcase> <!-- VerifiyProductListIsLoaded -->
  <system-out/>
  <testcase classname="BootsTesting" name="verifyProductListingPageLoad">
    <skipped/>
  </testcase> <!-- verifyProductListingPageLoad -->
  <system-out/>
  <testcase classname="BootsTesting" name="VerifyHomepageLoad">
    <skipped/>
  </testcase> <!-- VerifyHomepageLoad -->
  <system-out/>
  <testcase classname="BootsTesting" name="ViewingProductDetailes">
    <skipped/>
  </testcase> <!-- ViewingProductDetailes -->
  <system-out/>
</testsuite> <!-- BootsTesting -->
